<?xml version="1.0" encoding="UTF-8"?>
<!-- Generated by org.testng.reporters.JUnitReportReporter -->
<testsuite hostname="DESKTOP-OI11O89" failures="0" tests="4" name="Practice.Study.NegativeTest" time="24.268" errors="0" timestamp="2024-04-04T18:24:00 IST" skipped="0">
  <testcase classname="Practice.Study.NegativeTest" name="negativeTest" time="5.793"/>
  <testcase classname="Practice.Study.NegativeTest" name="negativeTest" time="6.617"/>
  <testcase classname="Practice.Study.NegativeTest" name="negativeTest" time="6.252"/>
  <testcase classname="Practice.Study.NegativeTest" name="negativeTest" time="5.606"/>
</testsuite> <!-- Practice.Study.NegativeTest -->
