<?xml version="1.0" encoding="UTF-8"?>
<!-- Generated by org.testng.reporters.JUnitReportReporter -->
<testsuite hostname="DESKTOP-OI11O89" failures="0" tests="4" name="Practice.Study.NegativeTest" time="24.972" errors="0" timestamp="2024-05-14T18:49:21 IST" skipped="0">
  <testcase classname="Practice.Study.NegativeTest" name="negativeTest" time="5.436"/>
  <testcase classname="Practice.Study.NegativeTest" name="negativeTest" time="8.302"/>
  <testcase classname="Practice.Study.NegativeTest" name="negativeTest" time="5.449"/>
  <testcase classname="Practice.Study.NegativeTest" name="negativeTest" time="5.785"/>
</testsuite> <!-- Practice.Study.NegativeTest -->
