<?xml version="1.0" encoding="UTF-8"?>
<!-- Generated by org.testng.reporters.JUnitReportReporter -->
<testsuite hostname="DESKTOP-OI11O89" failures="0" tests="1" name="Practice.Study.PositiveTest" time="9.800" errors="0" timestamp="2024-05-11T00:09:31 IST" skipped="0">
  <testcase classname="Practice.Study.PositiveTest" name="loginTest" time="9.800"/>
</testsuite> <!-- Practice.Study.PositiveTest -->
