<?xml version="1.0" encoding="UTF-8"?>
<!-- Generated by org.testng.reporters.JUnitReportReporter -->
<testsuite hostname="DESKTOP-OI11O89" failures="0" tests="1" name="Practice.Study.PositiveTest" time="10.068" errors="0" timestamp="2024-04-03T22:35:52 IST" skipped="0">
  <testcase classname="Practice.Study.PositiveTest" name="loginTest" time="10.068"/>
</testsuite> <!-- Practice.Study.PositiveTest -->
