<?xml version="1.0" encoding="UTF-8"?>
<!-- Generated by org.testng.reporters.JUnitReportReporter -->
<testsuite hostname="DESKTOP-OI11O89" failures="0" tests="1" name="Practice.Study.AppTest" time="40.076" errors="0" timestamp="2024-04-03T00:17:19 IST" skipped="0">
  <testcase classname="Practice.Study.AppTest" name="loginTest" time="40.076"/>
</testsuite> <!-- Practice.Study.AppTest -->
